[03-May-2026 18:14:55 Asia/Kathmandu] [dashboard] SQLSTATE[42S22]: Column not found: 1054 Unknown column 'risk_review_status' in 'WHERE'
[03-May-2026 18:14:55 Asia/Kathmandu] [dashboard] SQLSTATE[42S22]: Column not found: 1054 Unknown column 'published' in 'WHERE'
[03-May-2026 18:14:55 Asia/Kathmandu] [dashboard] SQLSTATE[42S22]: Column not found: 1054 Unknown column 'full_name' in 'SELECT'
[03-May-2026 18:25:58 Asia/Kathmandu] [dashboard] SQLSTATE[42S22]: Column not found: 1054 Unknown column 'risk_review_status' in 'WHERE'
[03-May-2026 18:25:58 Asia/Kathmandu] [dashboard] SQLSTATE[42S22]: Column not found: 1054 Unknown column 'published' in 'WHERE'
[03-May-2026 18:25:58 Asia/Kathmandu] [dashboard] SQLSTATE[42S22]: Column not found: 1054 Unknown column 'full_name' in 'SELECT'
[03-May-2026 19:40:40 Asia/Kathmandu] [dashboard] SQLSTATE[42S22]: Column not found: 1054 Unknown column 'full_name_np' in 'SELECT'
[03-May-2026 19:42:45 Asia/Kathmandu] [member-panel-exception] safeAddColumn(): Argument #1 ($db) must be of type PDO, string given, called in /home/bandanas/dev.bandanasigdel.com.np/member/service-request.php on line 13 @ /home/bandanas/dev.bandanasigdel.com.np/includes/config.php:1269
[03-May-2026 19:42:45 Asia/Kathmandu] [2026-05-03 19:42:45] User Error: safeAddColumn(): Argument #1 ($db) must be of type PDO, string given, called in /home/bandanas/dev.bandanasigdel.com.np/member/service-request.php on line 13 in /home/bandanas/dev.bandanasigdel.com.np/member/_bootstrap.php:102
[03-May-2026 19:44:37 Asia/Kathmandu] [member-panel-exception] safeAddColumn(): Argument #1 ($db) must be of type PDO, string given, called in /home/bandanas/dev.bandanasigdel.com.np/member/service-request.php on line 13 @ /home/bandanas/dev.bandanasigdel.com.np/includes/config.php:1269
[03-May-2026 19:44:37 Asia/Kathmandu] [2026-05-03 19:44:37] User Error: safeAddColumn(): Argument #1 ($db) must be of type PDO, string given, called in /home/bandanas/dev.bandanasigdel.com.np/member/service-request.php on line 13 in /home/bandanas/dev.bandanasigdel.com.np/member/_bootstrap.php:102
[03-May-2026 19:47:36 Asia/Kathmandu] [member-panel-exception] safeAddColumn(): Argument #1 ($db) must be of type PDO, string given, called in /home/bandanas/dev.bandanasigdel.com.np/member/service-request.php on line 13 @ /home/bandanas/dev.bandanasigdel.com.np/includes/config.php:1269
[03-May-2026 19:47:36 Asia/Kathmandu] [2026-05-03 19:47:36] User Error: safeAddColumn(): Argument #1 ($db) must be of type PDO, string given, called in /home/bandanas/dev.bandanasigdel.com.np/member/service-request.php on line 13 in /home/bandanas/dev.bandanasigdel.com.np/member/_bootstrap.php:102
[03-May-2026 19:47:53 Asia/Kathmandu] [member-panel-exception] safeAddColumn(): Argument #1 ($db) must be of type PDO, string given, called in /home/bandanas/dev.bandanasigdel.com.np/member/service-request.php on line 13 @ /home/bandanas/dev.bandanasigdel.com.np/includes/config.php:1269
[03-May-2026 19:47:53 Asia/Kathmandu] [2026-05-03 19:47:53] User Error: safeAddColumn(): Argument #1 ($db) must be of type PDO, string given, called in /home/bandanas/dev.bandanasigdel.com.np/member/service-request.php on line 13 in /home/bandanas/dev.bandanasigdel.com.np/member/_bootstrap.php:102
[03-May-2026 19:50:23 Asia/Kathmandu] Admin page exception [kyc-applications.php]: safeAddColumn(): Argument #1 ($db) must be of type PDO, null given, called in /home/bandanas/dev.bandanasigdel.com.np/admin/kyc-applications.php on line 18 in /home/bandanas/dev.bandanasigdel.com.np/includes/config.php:1269
[03-May-2026 19:50:25 Asia/Kathmandu] [dashboard] SQLSTATE[42S22]: Column not found: 1054 Unknown column 'full_name_np' in 'SELECT'
[03-May-2026 19:51:05 Asia/Kathmandu] Admin page exception [why-choose.php]: Call to a member function query() on null in /home/bandanas/dev.bandanasigdel.com.np/admin/why-choose.php:79
[03-May-2026 19:51:09 Asia/Kathmandu] Admin page exception [partner-facilities.php]: Call to a member function query() on null in /home/bandanas/dev.bandanasigdel.com.np/admin/partner-facilities.php:71
[03-May-2026 19:51:15 Asia/Kathmandu] Admin page exception [app-features.php]: Call to a member function query() on null in /home/bandanas/dev.bandanasigdel.com.np/admin/app-features.php:51
[03-May-2026 19:52:02 Asia/Kathmandu] Admin page exception [loan-applications.php]: safeAddColumn(): Argument #1 ($db) must be of type PDO, null given, called in /home/bandanas/dev.bandanasigdel.com.np/admin/loan-applications.php on line 17 in /home/bandanas/dev.bandanasigdel.com.np/includes/config.php:1269
[03-May-2026 19:52:09 Asia/Kathmandu] Admin page exception [loan-applications.php]: safeAddColumn(): Argument #1 ($db) must be of type PDO, null given, called in /home/bandanas/dev.bandanasigdel.com.np/admin/loan-applications.php on line 17 in /home/bandanas/dev.bandanasigdel.com.np/includes/config.php:1269
[03-May-2026 19:56:39 Asia/Kathmandu] [dashboard] SQLSTATE[42S22]: Column not found: 1054 Unknown column 'full_name_np' in 'SELECT'
[03-May-2026 19:56:44 Asia/Kathmandu] [dashboard] SQLSTATE[42S22]: Column not found: 1054 Unknown column 'full_name_np' in 'SELECT'
[03-May-2026 19:57:53 Asia/Kathmandu] [dashboard] SQLSTATE[42S22]: Column not found: 1054 Unknown column 'full_name_np' in 'SELECT'
[03-May-2026 19:58:31 Asia/Kathmandu] [dashboard] SQLSTATE[42S22]: Column not found: 1054 Unknown column 'full_name_np' in 'SELECT'
[03-May-2026 19:59:12 Asia/Kathmandu] Admin page exception [kyc-applications.php]: safeAddColumn(): Argument #1 ($db) must be of type PDO, null given, called in /home/bandanas/dev.bandanasigdel.com.np/admin/kyc-applications.php on line 18 in /home/bandanas/dev.bandanasigdel.com.np/includes/config.php:1269
